<?xml version="1.0" encoding="UTF-8"?>
<!-- Generated by org.testng.reporters.JUnitXMLReporter -->
<testsuite ignored="0" hostname="Rahuls-MacBook-Pro.local" failures="0" tests="3" name="Default test" time="8.125" errors="0" timestamp="07 Oct 2021 18:50:40 GMT">
  <testcase classname="com.tests.GoogleLoginPageTest" name="emailPhoneField" time="0.233"/>
  <testcase classname="com.tests.GoogleLoginPageTest" name="nextButton" time="0.139"/>
  <testcase classname="com.tests.GoogleLoginPageTest" name="titleTest" time="0.045"/>
</testsuite> <!-- Default test -->
