<?xml version="1.0" encoding="UTF-8"?>
<testsuite xmlns:xsi="http://www.w3.org/2001/XMLSchema-instance" xsi:noNamespaceSchemaLocation="https://maven.apache.org/surefire/maven-surefire-plugin/xsd/surefire-test-report.xsd" name="com.tests.GoogleLoginPageTest" time="6.303" tests="3" errors="0" skipped="0" failures="0">
  <properties>
[...]
</properties>
  <testcase name="emailPhoneField" classname="com.tests.GoogleLoginPageTest" time="0.285"/>
  <testcase name="nextButton" classname="com.tests.GoogleLoginPageTest" time="0.464"/>
  <testcase name="titleTest" classname="com.tests.GoogleLoginPageTest" time="0.027"/>
</testsuite>