<?xml version="1.0" encoding="UTF-8"?>
<testng-results ignored="0" total="3" passed="3" failed="0" skipped="0">
  <reporter-output>
  </reporter-output>
  <suite started-at="2021-06-28T18:22:55Z" name="Surefire suite" finished-at="2021-06-28T18:23:01Z" duration-ms="5809">
    <groups>
    </groups>
    <test started-at="2021-06-28T18:22:55Z" name="Surefire test" finished-at="2021-06-28T18:23:01Z" duration-ms="5809">
      <class name="com.tests.GoogleLoginPageTest">
        <test-method is-config="true" signature="setup()[pri:0, instance:com.tests.GoogleLoginPageTest@1b1473ab]" started-at="2021-06-28T18:22:55Z" name="setup" finished-at="2021-06-28T18:23:00Z" duration-ms="5235" status="PASS">
          <reporter-output>
          </reporter-output>
        </test-method> <!-- setup -->
        <test-method signature="emailPhoneField()[pri:0, instance:com.tests.GoogleLoginPageTest@1b1473ab]" started-at="2021-06-28T18:23:00Z" name="emailPhoneField" finished-at="2021-06-28T18:23:01Z" duration-ms="228" status="PASS">
          <reporter-output>
          </reporter-output>
        </test-method> <!-- emailPhoneField -->
        <test-method signature="nextButton()[pri:0, instance:com.tests.GoogleLoginPageTest@1b1473ab]" started-at="2021-06-28T18:23:01Z" name="nextButton" finished-at="2021-06-28T18:23:01Z" duration-ms="105" status="PASS">
          <reporter-output>
          </reporter-output>
        </test-method> <!-- nextButton -->
        <test-method signature="titleTest()[pri:0, instance:com.tests.GoogleLoginPageTest@1b1473ab]" started-at="2021-06-28T18:23:01Z" name="titleTest" finished-at="2021-06-28T18:23:01Z" duration-ms="49" status="PASS">
          <reporter-output>
          </reporter-output>
        </test-method> <!-- titleTest -->
        <test-method is-config="true" signature="tearDown()[pri:0, instance:com.tests.GoogleLoginPageTest@1b1473ab]" started-at="2021-06-28T18:23:01Z" name="tearDown" finished-at="2021-06-28T18:23:01Z" duration-ms="160" status="PASS">
          <reporter-output>
          </reporter-output>
        </test-method> <!-- tearDown -->
      </class> <!-- com.tests.GoogleLoginPageTest -->
    </test> <!-- Surefire test -->
  </suite> <!-- Surefire suite -->
</testng-results>
