<?xml version="1.0" encoding="UTF-8"?>
<testng-results ignored="0" total="3" passed="3" failed="0" skipped="0">
  <reporter-output>
  </reporter-output>
  <suite started-at="2021-10-07T18:50:31Z" name="Default suite" finished-at="2021-10-07T18:50:40Z" duration-ms="8125">
    <groups>
    </groups>
    <test started-at="2021-10-07T18:50:31Z" name="Default test" finished-at="2021-10-07T18:50:40Z" duration-ms="8125">
      <class name="com.tests.GoogleLoginPageTest">
        <test-method is-config="true" signature="setup()[pri:0, instance:com.tests.GoogleLoginPageTest@17d88132]" started-at="2021-10-07T18:50:31Z" name="setup" finished-at="2021-10-07T18:50:39Z" duration-ms="7376" status="PASS">
          <reporter-output>
          </reporter-output>
        </test-method> <!-- setup -->
        <test-method signature="emailPhoneField()[pri:0, instance:com.tests.GoogleLoginPageTest@17d88132]" started-at="2021-10-07T18:50:39Z" name="emailPhoneField" finished-at="2021-10-07T18:50:39Z" duration-ms="233" status="PASS">
          <reporter-output>
          </reporter-output>
        </test-method> <!-- emailPhoneField -->
        <test-method signature="nextButton()[pri:0, instance:com.tests.GoogleLoginPageTest@17d88132]" started-at="2021-10-07T18:50:39Z" name="nextButton" finished-at="2021-10-07T18:50:39Z" duration-ms="139" status="PASS">
          <reporter-output>
          </reporter-output>
        </test-method> <!-- nextButton -->
        <test-method signature="titleTest()[pri:0, instance:com.tests.GoogleLoginPageTest@17d88132]" started-at="2021-10-07T18:50:39Z" name="titleTest" finished-at="2021-10-07T18:50:39Z" duration-ms="45" status="PASS">
          <reporter-output>
          </reporter-output>
        </test-method> <!-- titleTest -->
        <test-method is-config="true" signature="tearDown()[pri:0, instance:com.tests.GoogleLoginPageTest@17d88132]" started-at="2021-10-07T18:50:39Z" name="tearDown" finished-at="2021-10-07T18:50:40Z" duration-ms="252" status="PASS">
          <reporter-output>
          </reporter-output>
        </test-method> <!-- tearDown -->
      </class> <!-- com.tests.GoogleLoginPageTest -->
    </test> <!-- Default test -->
  </suite> <!-- Default suite -->
</testng-results>
